<?xml version="1.0" encoding="UTF-8"?>
<!-- Generated by org.testng.reporters.JUnitXMLReporter -->
<testsuite ignored="0" hostname="TYSS-Shobha" failures="1" tests="1" name="TestRunner1" time="23.526" errors="0" timestamp="2024-09-28T15:12:20 IST">
  <testcase classname="campaigns.CreateCampaignsTest" name="createCampaignsTest" time="9.237">
    <failure type="java.lang.AssertionError" message="im failing the script">
      <![CDATA[java.lang.AssertionError: im failing the script
at campaigns.CreateCampaignsTest.createCampaignsTest(CreateCampaignsTest.java:52)
at java.base/java.util.ArrayList.forEach(ArrayList.java:1511)
at java.base/java.util.concurrent.FutureTask.run(FutureTask.java:264)
at java.base/java.util.concurrent.ThreadPoolExecutor.runWorker(ThreadPoolExecutor.java:1130)
at java.base/java.util.concurrent.ThreadPoolExecutor$Worker.run(ThreadPoolExecutor.java:630)
at java.base/java.lang.Thread.run(Thread.java:831)
... Removed 18 stack frames]]>
    </failure>
  </testcase> <!-- createCampaignsTest -->
</testsuite> <!-- TestRunner1 -->
